#
# There is insufficient memory for the Java Runtime Environment to continue.
# Native memory allocation (malloc) failed to allocate 1069216 bytes for Chunk::new
# Possible reasons:
#   The system is out of physical RAM or swap space
#   In 32 bit mode, the process size limit was hit
# Possible solutions:
#   Reduce memory load on the system
#   Increase physical memory or swap space
#   Check if swap backing store is full
#   Use 64 bit Java on a 64 bit OS
#   Decrease Java heap size (-Xmx/-Xms)
#   Decrease number of Java threads
#   Decrease Java thread stack sizes (-Xss)
#   Set larger code cache with -XX:ReservedCodeCacheSize=
# This output file may be truncated or incomplete.
#
#  Out of Memory Error (allocation.cpp:390), pid=7116, tid=0x00000000000030fc
#
# JRE version: Java(TM) SE Runtime Environment (8.0_191-b12) (build 1.8.0_191-b12)
# Java VM: Java HotSpot(TM) 64-Bit Server VM (25.191-b12 mixed mode windows-amd64 compressed oops)
# Failed to write core dump. Minidumps are not enabled by default on client versions of Windows
#

---------------  T H R E A D  ---------------

Current thread (0x0000000017af0800):  JavaThread "C2 CompilerThread1" daemon [_thread_in_native, id=12540, stack(0x0000000019260000,0x0000000019360000)]

Stack: [0x0000000019260000,0x0000000019360000]
[error occurred during error reporting (printing stack bounds), id 0xc0000005]

Native frames: (J=compiled Java code, j=interpreted, Vv=VM code, C=native code)


Current CompileTask:
C2:   6343 2422   !   4       com.sun.javafx.css.StyleManager::findMatchingStyles (1260 bytes)


---------------  P R O C E S S  ---------------

Java Threads: ( => current thread )
  0x000000001f7b2800 JavaThread "Java2D Disposer" daemon [_thread_blocked, id=17664, stack(0x0000000024220000,0x0000000024320000)]
  0x0000000019c09800 JavaThread "Prism Font Disposer" daemon [_thread_blocked, id=8928, stack(0x0000000022790000,0x0000000022890000)]
  0x0000000019f33800 JavaThread "JavaFX-Launcher" [_thread_blocked, id=17576, stack(0x000000001f2d0000,0x000000001f3d0000)]
  0x0000000019bb7000 JavaThread "Thread-2" daemon [_thread_in_native, id=19408, stack(0x000000001f060000,0x000000001f160000)]
  0x0000000019b38800 JavaThread "JavaFX Application Thread" [_thread_in_Java, id=4276, stack(0x000000001a690000,0x000000001a790000)]
  0x0000000019b33800 JavaThread "Thread-1" daemon [_thread_blocked, id=17172, stack(0x000000001a590000,0x000000001a690000)]
  0x0000000019858000 JavaThread "QuantumRenderer-0" daemon [_thread_in_Java, id=18752, stack(0x000000001a310000,0x000000001a410000)]
  0x0000000019490800 JavaThread "Service Thread" daemon [_thread_blocked, id=12808, stack(0x0000000019860000,0x0000000019960000)]
  0x0000000017af9000 JavaThread "C1 CompilerThread2" daemon [_thread_in_vm, id=6528, stack(0x0000000019360000,0x0000000019460000)]
=>0x0000000017af0800 JavaThread "C2 CompilerThread1" daemon [_thread_in_native, id=12540, stack(0x0000000019260000,0x0000000019360000)]
  0x0000000017aeb000 JavaThread "C2 CompilerThread0" daemon [_thread_blocked, id=19804, stack(0x0000000019160000,0x0000000019260000)]
  0x0000000017af6000 JavaThread "Attach Listener" daemon [_thread_blocked, id=1984, stack(0x0000000019060000,0x0000000019160000)]
  0x0000000017af5000 JavaThread "Signal Dispatcher" daemon [_thread_blocked, id=12036, stack(0x0000000018f60000,0x0000000019060000)]
  0x0000000017ada800 JavaThread "Finalizer" daemon [_thread_blocked, id=13308, stack(0x0000000018d40000,0x0000000018e40000)]
  0x0000000017ab9000 JavaThread "Reference Handler" daemon [_thread_blocked, id=72, stack(0x0000000018c40000,0x0000000018d40000)]
  0x000000000141d800 JavaThread "main" [_thread_blocked, id=9736, stack(0x0000000002ca0000,0x0000000002da0000)]

Other Threads:
  0x0000000017ab7800 VMThread [stack: 0x0000000018b40000,0x0000000018c40000] [id=16688]
  0x00000000194ad000 WatcherThread [stack: 0x0000000019960000,0x0000000019a60000] [id=19660]

VM state:not at safepoint (normal execution)

VM Mutex/Monitor currently owned by a thread:  ([mutex/lock_event])
[0x000000000141c960] AdapterHandlerLibrary_lock - owner thread: 0x0000000019858000

Heap:
 PSYoungGen      total 85504K, used 36090K [0x00000000d5d00000, 0x00000000dc600000, 0x0000000100000000)
  eden space 65024K, 24% used [0x00000000d5d00000,0x00000000d6c40eb8,0x00000000d9c80000)
  from space 20480K, 99% used [0x00000000d9c80000,0x00000000db07dc60,0x00000000db080000)
  to   space 18944K, 0% used [0x00000000db080000,0x00000000db080000,0x00000000dc300000)
 ParOldGen       total 87552K, used 38151K [0x0000000081600000, 0x0000000086b80000, 0x00000000d5d00000)
  object space 87552K, 43% used [0x0000000081600000,0x0000000083b41fe8,0x0000000086b80000)
 Metaspace       used 19893K, capacity 20718K, committed 20864K, reserved 1067008K
  class space    used 2649K, capacity 2852K, committed 2944K, reserved 1048576K

Card table byte_map: [0x0000000012350000,0x0000000012750000] byte_map_base: 0x0000000011f45000

Marking Bits: (ParMarkBitMap*) 0x00000000692d3e30
 Begin Bits: [0x0000000012e00000, 0x0000000014da8000)
 End Bits:   [0x0000000014da8000, 0x0000000016d50000)

Polling page: 0x0000000000eb0000

CodeCache: size=245760Kb used=9115Kb max_used=9115Kb free=236644Kb
 bounds [0x0000000002f90000, 0x0000000003880000, 0x0000000011f90000]
 total_blobs=3382 nmethods=2648 adapters=645
 compilation: enabled

Compilation events (10 events):
Event: 6.323 Thread 0x0000000017af9000 2903       3       com.sun.javafx.sg.prism.NGNode::doRender (473 bytes)
Event: 6.327 Thread 0x0000000017af9000 nmethod 2903 0x0000000003876fd0 code [0x0000000003877360, 0x0000000003879ca8]
Event: 6.327 Thread 0x0000000017af9000 2905       3       com.sun.javafx.geom.transform.Translate2D::getDegree (4 bytes)
Event: 6.328 Thread 0x0000000017af9000 nmethod 2905 0x000000000387b390 code [0x000000000387b4e0, 0x000000000387b630]
Event: 6.328 Thread 0x0000000017af9000 2906       3       com.sun.prism.d3d.D3DShader::enable (52 bytes)
Event: 6.328 Thread 0x0000000017af9000 nmethod 2906 0x000000000387b6d0 code [0x000000000387b860, 0x000000000387bd18]
Event: 6.328 Thread 0x0000000017af9000 2904       3       com.sun.prism.impl.ps.BaseShaderContext::getSpecialShader (117 bytes)
Event: 6.329 Thread 0x0000000017aeb000 2907       4       java.lang.String::valueOf (14 bytes)
Event: 6.330 Thread 0x0000000017aeb000 nmethod 2907 0x00000000031236d0 code [0x0000000003123800, 0x0000000003123878]
Event: 6.330 Thread 0x0000000017af9000 nmethod 2904 0x000000000387d290 code [0x000000000387d4c0, 0x000000000387e528]

GC Heap History (10 events):
Event: 3.381 GC heap before
{Heap before GC invocations=3 (full 0):
 PSYoungGen      total 38400K, used 38396K [0x00000000d5d00000, 0x00000000d8780000, 0x0000000100000000)
  eden space 33280K, 100% used [0x00000000d5d00000,0x00000000d7d80000,0x00000000d7d80000)
  from space 5120K, 99% used [0x00000000d8280000,0x00000000d877f050,0x00000000d8780000)
  to   space 5120K, 0% used [0x00000000d7d80000,0x00000000d7d80000,0x00000000d8280000)
 ParOldGen       total 87552K, used 7364K [0x0000000081600000, 0x0000000086b80000, 0x00000000d5d00000)
  object space 87552K, 8% used [0x0000000081600000,0x0000000081d31330,0x0000000086b80000)
 Metaspace       used 15792K, capacity 16420K, committed 16768K, reserved 1062912K
  class space    used 2142K, capacity 2337K, committed 2432K, reserved 1048576K
Event: 3.387 GC heap after
Heap after GC invocations=3 (full 0):
 PSYoungGen      total 38400K, used 5100K [0x00000000d5d00000, 0x00000000d8780000, 0x0000000100000000)
  eden space 33280K, 0% used [0x00000000d5d00000,0x00000000d5d00000,0x00000000d7d80000)
  from space 5120K, 99% used [0x00000000d7d80000,0x00000000d827b040,0x00000000d8280000)
  to   space 5120K, 0% used [0x00000000d8280000,0x00000000d8280000,0x00000000d8780000)
 ParOldGen       total 87552K, used 8452K [0x0000000081600000, 0x0000000086b80000, 0x00000000d5d00000)
  object space 87552K, 9% used [0x0000000081600000,0x0000000081e412f0,0x0000000086b80000)
 Metaspace       used 15792K, capacity 16420K, committed 16768K, reserved 1062912K
  class space    used 2142K, capacity 2337K, committed 2432K, reserved 1048576K
}
Event: 4.029 GC heap before
{Heap before GC invocations=4 (full 0):
 PSYoungGen      total 38400K, used 37983K [0x00000000d5d00000, 0x00000000d8780000, 0x0000000100000000)
  eden space 33280K, 98% used [0x00000000d5d00000,0x00000000d7d1ced0,0x00000000d7d80000)
  from space 5120K, 99% used [0x00000000d7d80000,0x00000000d827b040,0x00000000d8280000)
  to   space 5120K, 0% used [0x00000000d8280000,0x00000000d8280000,0x00000000d8780000)
 ParOldGen       total 87552K, used 8452K [0x0000000081600000, 0x0000000086b80000, 0x00000000d5d00000)
  object space 87552K, 9% used [0x0000000081600000,0x0000000081e412f0,0x0000000086b80000)
 Metaspace       used 18058K, capacity 18750K, committed 19072K, reserved 1064960K
  class space    used 2376K, capacity 2570K, committed 2688K, reserved 1048576K
Event: 4.078 GC heap after
Heap after GC invocations=4 (full 0):
 PSYoungGen      total 38400K, used 5100K [0x00000000d5d00000, 0x00000000da800000, 0x0000000100000000)
  eden space 33280K, 0% used [0x00000000d5d00000,0x00000000d5d00000,0x00000000d7d80000)
  from space 5120K, 99% used [0x00000000d8280000,0x00000000d877b040,0x00000000d8780000)
  to   space 5120K, 0% used [0x00000000d7d80000,0x00000000d7d80000,0x00000000d8280000)
 ParOldGen       total 87552K, used 14571K [0x0000000081600000, 0x0000000086b80000, 0x00000000d5d00000)
  object space 87552K, 16% used [0x0000000081600000,0x000000008243afb8,0x0000000086b80000)
 Metaspace       used 18058K, capacity 18750K, committed 19072K, reserved 1064960K
  class space    used 2376K, capacity 2570K, committed 2688K, reserved 1048576K
}
Event: 4.485 GC heap before
{Heap before GC invocations=5 (full 0):
 PSYoungGen      total 38400K, used 38380K [0x00000000d5d00000, 0x00000000da800000, 0x0000000100000000)
  eden space 33280K, 100% used [0x00000000d5d00000,0x00000000d7d80000,0x00000000d7d80000)
  from space 5120K, 99% used [0x00000000d8280000,0x00000000d877b040,0x00000000d8780000)
  to   space 5120K, 0% used [0x00000000d7d80000,0x00000000d7d80000,0x00000000d8280000)
 ParOldGen       total 87552K, used 14571K [0x0000000081600000, 0x0000000086b80000, 0x00000000d5d00000)
  object space 87552K, 16% used [0x0000000081600000,0x000000008243afb8,0x0000000086b80000)
 Metaspace       used 18220K, capacity 18882K, committed 19072K, reserved 1064960K
  class space    used 2388K, capacity 2570K, committed 2688K, reserved 1048576K
Event: 4.505 GC heap after
Heap after GC invocations=5 (full 0):
 PSYoungGen      total 38400K, used 5100K [0x00000000d5d00000, 0x00000000dc300000, 0x0000000100000000)
  eden space 33280K, 0% used [0x00000000d5d00000,0x00000000d5d00000,0x00000000d7d80000)
  from space 5120K, 99% used [0x00000000d7d80000,0x00000000d827b040,0x00000000d8280000)
  to   space 18944K, 0% used [0x00000000db080000,0x00000000db080000,0x00000000dc300000)
 ParOldGen       total 87552K, used 25346K [0x0000000081600000, 0x0000000086b80000, 0x00000000d5d00000)
  object space 87552K, 28% used [0x0000000081600000,0x0000000082ec0ae0,0x0000000086b80000)
 Metaspace       used 18220K, capacity 18882K, committed 19072K, reserved 1064960K
  class space    used 2388K, capacity 2570K, committed 2688K, reserved 1048576K
}
Event: 4.810 GC heap before
{Heap before GC invocations=6 (full 0):
 PSYoungGen      total 38400K, used 38380K [0x00000000d5d00000, 0x00000000dc300000, 0x0000000100000000)
  eden space 33280K, 100% used [0x00000000d5d00000,0x00000000d7d80000,0x00000000d7d80000)
  from space 5120K, 99% used [0x00000000d7d80000,0x00000000d827b040,0x00000000d8280000)
  to   space 18944K, 0% used [0x00000000db080000,0x00000000db080000,0x00000000dc300000)
 ParOldGen       total 87552K, used 25346K [0x0000000081600000, 0x0000000086b80000, 0x00000000d5d00000)
  object space 87552K, 28% used [0x0000000081600000,0x0000000082ec0ae0,0x0000000086b80000)
 Metaspace       used 18283K, capacity 18946K, committed 19072K, reserved 1064960K
  class space    used 2389K, capacity 2570K, committed 2688K, reserved 1048576K
Event: 4.842 GC heap after
Heap after GC invocations=6 (full 0):
 PSYoungGen      total 83968K, used 14135K [0x00000000d5d00000, 0x00000000dc600000, 0x0000000100000000)
  eden space 65024K, 0% used [0x00000000d5d00000,0x00000000d5d00000,0x00000000d9c80000)
  from space 18944K, 74% used [0x00000000db080000,0x00000000dbe4dff8,0x00000000dc300000)
  to   space 20480K, 0% used [0x00000000d9c80000,0x00000000d9c80000,0x00000000db080000)
 ParOldGen       total 87552K, used 25346K [0x0000000081600000, 0x0000000086b80000, 0x00000000d5d00000)
  object space 87552K, 28% used [0x0000000081600000,0x0000000082ec0ae0,0x0000000086b80000)
 Metaspace       used 18283K, capacity 18946K, committed 19072K, reserved 1064960K
  class space    used 2389K, capacity 2570K, committed 2688K, reserved 1048576K
}
Event: 5.327 GC heap before
{Heap before GC invocations=7 (full 0):
 PSYoungGen      total 83968K, used 79159K [0x00000000d5d00000, 0x00000000dc600000, 0x0000000100000000)
  eden space 65024K, 100% used [0x00000000d5d00000,0x00000000d9c80000,0x00000000d9c80000)
  from space 18944K, 74% used [0x00000000db080000,0x00000000dbe4dff8,0x00000000dc300000)
  to   space 20480K, 0% used [0x00000000d9c80000,0x00000000d9c80000,0x00000000db080000)
 ParOldGen       total 87552K, used 25346K [0x0000000081600000, 0x0000000086b80000, 0x00000000d5d00000)
  object space 87552K, 28% used [0x0000000081600000,0x0000000082ec0ae0,0x0000000086b80000)
 Metaspace       used 18345K, capacity 19010K, committed 19328K, reserved 1067008K
  class space    used 2389K, capacity 2570K, committed 2688K, reserved 1048576K
Event: 5.350 GC heap after
Heap after GC invocations=7 (full 0):
 PSYoungGen      total 85504K, used 20471K [0x00000000d5d00000, 0x00000000dc600000, 0x0000000100000000)
  eden space 65024K, 0% used [0x00000000d5d00000,0x00000000d5d00000,0x00000000d9c80000)
  from space 20480K, 99% used [0x00000000d9c80000,0x00000000db07dc60,0x00000000db080000)
  to   space 18944K, 0% used [0x00000000db080000,0x00000000db080000,0x00000000dc300000)
 ParOldGen       total 87552K, used 38151K [0x0000000081600000, 0x0000000086b80000, 0x00000000d5d00000)
  object space 87552K, 43% used [0x0000000081600000,0x0000000083b41fe8,0x0000000086b80000)
 Metaspace       used 18345K, capacity 19010K, committed 19328K, reserved 1067008K
  class space    used 2389K, capacity 2570K, committed 2688K, reserved 1048576K
}

Deoptimization events (10 events):
Event: 3.929 Thread 0x0000000019b38800 Uncommon trap: reason=class_check action=maybe_recompile pc=0x0000000003678e78 method=java.awt.image.Raster.getPixel(II[I)[I @ 21
Event: 3.941 Thread 0x0000000019b38800 Uncommon trap: reason=class_check action=maybe_recompile pc=0x0000000003678e78 method=java.awt.image.Raster.getPixel(II[I)[I @ 21
Event: 3.948 Thread 0x0000000019b38800 Uncommon trap: reason=unstable_if action=reinterpret pc=0x0000000003662c70 method=java.awt.image.MultiPixelPackedSampleModel.getPixel(II[ILjava/awt/image/DataBuffer;)[I @ 35
Event: 4.298 Thread 0x0000000019b38800 Uncommon trap: reason=unstable_if action=reinterpret pc=0x000000000368af18 method=sun.awt.image.ByteInterleavedRaster.putByteData(IIII[B)V @ 79
Event: 5.551 Thread 0x0000000019b38800 Uncommon trap: reason=unstable_if action=reinterpret pc=0x0000000003835684 method=com.sun.javafx.css.BitSet.addAll(Ljava/util/Collection;)Z @ 1
Event: 5.818 Thread 0x0000000019b38800 Uncommon trap: reason=array_check action=maybe_recompile pc=0x00000000034e8d40 method=com.sun.javafx.css.SimpleSelector.applies(Ljavafx/css/Styleable;[Ljava/util/Set;I)Z @ 37
Event: 5.818 Thread 0x0000000019b38800 Uncommon trap: reason=array_check action=maybe_recompile pc=0x00000000034e8d40 method=com.sun.javafx.css.SimpleSelector.applies(Ljavafx/css/Styleable;[Ljava/util/Set;I)Z @ 37
Event: 5.818 Thread 0x0000000019b38800 Uncommon trap: reason=array_check action=maybe_recompile pc=0x00000000034e8d40 method=com.sun.javafx.css.SimpleSelector.applies(Ljavafx/css/Styleable;[Ljava/util/Set;I)Z @ 37
Event: 5.818 Thread 0x0000000019b38800 Uncommon trap: reason=array_check action=maybe_recompile pc=0x00000000034e8d40 method=com.sun.javafx.css.SimpleSelector.applies(Ljavafx/css/Styleable;[Ljava/util/Set;I)Z @ 37
Event: 5.894 Thread 0x0000000019b38800 Uncommon trap: reason=unstable_if action=reinterpret pc=0x0000000003354568 method=jdk.internal.org.objectweb.asm.Type.getArgumentsAndReturnSizes(Ljava/lang/String;)I @ 47

Classes redefined (0 events):
No events

Internal exceptions (10 events):
Event: 2.806 Thread 0x0000000019b38800 Exception <a 'java/lang/ArrayIndexOutOfBoundsException'> (0x00000000d7b53c70) thrown at [C:\re\workspace\8-2-build-windows-amd64-cygwin\jdk8u191\11896\hotspot\src\share\vm\runtime\sharedRuntime.cpp, line 605]
Event: 2.987 Thread 0x0000000019b38800 Implicit null exception at 0x000000000342149e to 0x00000000034215ed
Event: 3.354 Thread 0x0000000019b38800 Exception <a 'java/lang/ArrayIndexOutOfBoundsException'> (0x00000000d7bd6200) thrown at [C:\re\workspace\8-2-build-windows-amd64-cygwin\jdk8u191\11896\hotspot\src\share\vm\runtime\sharedRuntime.cpp, line 605]
Event: 3.616 Thread 0x0000000019b38800 Implicit null exception at 0x00000000034e4d37 to 0x00000000034e752d
Event: 3.644 Thread 0x0000000019b38800 Exception <a 'java/io/FileNotFoundException'> (0x00000000d6ee14b8) thrown at [C:\re\workspace\8-2-build-windows-amd64-cygwin\jdk8u191\11896\hotspot\src\share\vm\prims\jni.cpp, line 709]
Event: 3.685 Thread 0x0000000019b38800 Exception <a 'java/io/FileNotFoundException'> (0x00000000d6f23ab8) thrown at [C:\re\workspace\8-2-build-windows-amd64-cygwin\jdk8u191\11896\hotspot\src\share\vm\prims\jni.cpp, line 709]
Event: 3.697 Thread 0x0000000019b38800 Implicit null exception at 0x00000000034fc52d to 0x00000000034fef79
Event: 3.766 Thread 0x0000000019b38800 Exception <a 'java/io/FileNotFoundException'> (0x00000000d6f6e4c8) thrown at [C:\re\workspace\8-2-build-windows-amd64-cygwin\jdk8u191\11896\hotspot\src\share\vm\prims\jni.cpp, line 709]
Event: 3.948 Thread 0x0000000019b38800 Implicit null exception at 0x0000000003662abc to 0x0000000003662c4d
Event: 5.551 Thread 0x0000000019b38800 Implicit null exception at 0x00000000038351af to 0x0000000003835671

Events (10 events):
Event: 6.075 loading class com/sun/scenario/effect/ImageData$1
Event: 6.075 loading class com/sun/scenario/effect/ImageData$1 done
Event: 6.077 loading class com/sun/javafx/geom/transform/AffineBase$1
Event: 6.077 loading class com/sun/javafx/geom/transform/AffineBase$1 done
Event: 6.328 loading class java/lang/Throwable$WrappedPrintStream
Event: 6.328 loading class java/lang/Throwable$PrintStreamOrWriter
Event: 6.328 loading class java/lang/Throwable$PrintStreamOrWriter done
Event: 6.328 loading class java/lang/Throwable$WrappedPrintStream done
Event: 6.328 loading class java/util/IdentityHashMap$KeySet
Event: 6.328 loading class java/util/IdentityHashMap$KeySet done


Dynamic libraries:
0x00007ff6290c0000 - 0x00007ff6290f7000 	C:\Program Files\Java\jre1.8.0_191\bin\javaw.exe
0x00007ffb31ae0000 - 0x00007ffb31cc1000 	C:\Windows\SYSTEM32\ntdll.dll
0x00007ffb30c30000 - 0x00007ffb30ce1000 	C:\Windows\System32\KERNEL32.DLL
0x00007ffb2df10000 - 0x00007ffb2e183000 	C:\Windows\System32\KERNELBASE.dll
0x00007ffb31910000 - 0x00007ffb319b1000 	C:\Windows\System32\ADVAPI32.dll
0x00007ffb30460000 - 0x00007ffb304fe000 	C:\Windows\System32\msvcrt.dll
0x00007ffb318b0000 - 0x00007ffb3190b000 	C:\Windows\System32\sechost.dll
0x00007ffb312b0000 - 0x00007ffb313d4000 	C:\Windows\System32\RPCRT4.dll
0x00007ffb308a0000 - 0x00007ffb30a30000 	C:\Windows\System32\USER32.dll
0x00007ffb2e4a0000 - 0x00007ffb2e4c0000 	C:\Windows\System32\win32u.dll
0x00007ffb30c00000 - 0x00007ffb30c28000 	C:\Windows\System32\GDI32.dll
0x00007ffb2e190000 - 0x00007ffb2e322000 	C:\Windows\System32\gdi32full.dll
0x00007ffb2e330000 - 0x00007ffb2e3cf000 	C:\Windows\System32\msvcp_win.dll
0x00007ffb2e4c0000 - 0x00007ffb2e5b8000 	C:\Windows\System32\ucrtbase.dll
0x00007ffb1d520000 - 0x00007ffb1d789000 	C:\Windows\WinSxS\amd64_microsoft.windows.common-controls_6595b64144ccf1df_6.0.17134.706_none_fb43a2cb30647007\COMCTL32.dll
0x00007ffb31580000 - 0x00007ffb318a2000 	C:\Windows\System32\combase.dll
0x00007ffb2e3d0000 - 0x00007ffb2e44a000 	C:\Windows\System32\bcryptPrimitives.dll
0x00007ffb2ef70000 - 0x00007ffb2ef9d000 	C:\Windows\System32\IMM32.DLL
0x00000000687e0000 - 0x00000000688b2000 	C:\Program Files\Java\jre1.8.0_191\bin\msvcr100.dll
0x0000000068ab0000 - 0x0000000069354000 	C:\Program Files\Java\jre1.8.0_191\bin\server\jvm.dll
0x00007ffb2efb0000 - 0x00007ffb2efb8000 	C:\Windows\System32\PSAPI.DLL
0x00007ffb29510000 - 0x00007ffb29533000 	C:\Windows\SYSTEM32\WINMM.dll
0x00007ffb1f3d0000 - 0x00007ffb1f3da000 	C:\Windows\SYSTEM32\VERSION.dll
0x00007ffb294e0000 - 0x00007ffb2950a000 	C:\Windows\SYSTEM32\WINMMBASE.dll
0x00007ffb2e450000 - 0x00007ffb2e499000 	C:\Windows\System32\cfgmgr32.dll
0x00007ffb17370000 - 0x00007ffb17379000 	C:\Windows\SYSTEM32\WSOCK32.dll
0x00007ffb31490000 - 0x00007ffb314fc000 	C:\Windows\System32\WS2_32.dll
0x00000000689c0000 - 0x00000000689cf000 	C:\Program Files\Java\jre1.8.0_191\bin\verify.dll
0x0000000068990000 - 0x00000000689b9000 	C:\Program Files\Java\jre1.8.0_191\bin\java.dll
0x0000000068970000 - 0x0000000068986000 	C:\Program Files\Java\jre1.8.0_191\bin\zip.dll
0x00007ffb2efc0000 - 0x00007ffb30400000 	C:\Windows\System32\SHELL32.dll
0x00007ffb313e0000 - 0x00007ffb31489000 	C:\Windows\System32\shcore.dll
0x00007ffb2e5c0000 - 0x00007ffb2eccd000 	C:\Windows\System32\windows.storage.dll
0x00007ffb30400000 - 0x00007ffb30451000 	C:\Windows\System32\shlwapi.dll
0x00007ffb2de90000 - 0x00007ffb2dea1000 	C:\Windows\System32\kernel.appcore.dll
0x00007ffb2ddf0000 - 0x00007ffb2de0f000 	C:\Windows\System32\profapi.dll
0x00007ffb2de20000 - 0x00007ffb2de6c000 	C:\Windows\System32\powrprof.dll
0x00007ffb2de10000 - 0x00007ffb2de1a000 	C:\Windows\System32\FLTLIB.DLL
0x00000000013f0000 - 0x00000000013f3000 	C:\Program Files\Java\jre1.8.0_191\bin\api-ms-win-core-console-l1-1-0.dll
0x0000000001400000 - 0x0000000001403000 	C:\Program Files\Java\jre1.8.0_191\bin\api-ms-win-core-datetime-l1-1-0.dll
0x0000000001420000 - 0x0000000001423000 	C:\Program Files\Java\jre1.8.0_191\bin\api-ms-win-core-debug-l1-1-0.dll
0x0000000001430000 - 0x0000000001433000 	C:\Program Files\Java\jre1.8.0_191\bin\api-ms-win-core-errorhandling-l1-1-0.dll
0x0000000001440000 - 0x0000000001444000 	C:\Program Files\Java\jre1.8.0_191\bin\api-ms-win-core-file-l1-1-0.dll
0x0000000001450000 - 0x0000000001453000 	C:\Program Files\Java\jre1.8.0_191\bin\api-ms-win-core-file-l1-2-0.dll
0x0000000001460000 - 0x0000000001463000 	C:\Program Files\Java\jre1.8.0_191\bin\api-ms-win-core-file-l2-1-0.dll
0x0000000001470000 - 0x0000000001473000 	C:\Program Files\Java\jre1.8.0_191\bin\api-ms-win-core-handle-l1-1-0.dll
0x0000000001480000 - 0x0000000001483000 	C:\Program Files\Java\jre1.8.0_191\bin\api-ms-win-core-heap-l1-1-0.dll
0x0000000001490000 - 0x0000000001493000 	C:\Program Files\Java\jre1.8.0_191\bin\api-ms-win-core-interlocked-l1-1-0.dll
0x00000000014a0000 - 0x00000000014a3000 	C:\Program Files\Java\jre1.8.0_191\bin\api-ms-win-core-libraryloader-l1-1-0.dll
0x00000000014b0000 - 0x00000000014b3000 	C:\Program Files\Java\jre1.8.0_191\bin\api-ms-win-core-localization-l1-2-0.dll
0x00000000014c0000 - 0x00000000014c3000 	C:\Program Files\Java\jre1.8.0_191\bin\api-ms-win-core-memory-l1-1-0.dll
0x00000000014d0000 - 0x00000000014d3000 	C:\Program Files\Java\jre1.8.0_191\bin\api-ms-win-core-namedpipe-l1-1-0.dll
0x00000000014e0000 - 0x00000000014e3000 	C:\Program Files\Java\jre1.8.0_191\bin\api-ms-win-core-processenvironment-l1-1-0.dll
0x0000000002da0000 - 0x0000000002da3000 	C:\Program Files\Java\jre1.8.0_191\bin\api-ms-win-core-processthreads-l1-1-0.dll
0x0000000002db0000 - 0x0000000002db3000 	C:\Program Files\Java\jre1.8.0_191\bin\api-ms-win-core-processthreads-l1-1-1.dll
0x0000000002dc0000 - 0x0000000002dc3000 	C:\Program Files\Java\jre1.8.0_191\bin\api-ms-win-core-profile-l1-1-0.dll
0x0000000002dd0000 - 0x0000000002dd3000 	C:\Program Files\Java\jre1.8.0_191\bin\api-ms-win-core-rtlsupport-l1-1-0.dll
0x0000000002de0000 - 0x0000000002de3000 	C:\Program Files\Java\jre1.8.0_191\bin\api-ms-win-core-string-l1-1-0.dll
0x0000000002df0000 - 0x0000000002df3000 	C:\Program Files\Java\jre1.8.0_191\bin\api-ms-win-core-synch-l1-1-0.dll
0x0000000002e00000 - 0x0000000002e03000 	C:\Program Files\Java\jre1.8.0_191\bin\api-ms-win-core-synch-l1-2-0.dll
0x0000000002e10000 - 0x0000000002e13000 	C:\Program Files\Java\jre1.8.0_191\bin\api-ms-win-core-sysinfo-l1-1-0.dll
0x0000000002e20000 - 0x0000000002e23000 	C:\Program Files\Java\jre1.8.0_191\bin\api-ms-win-core-timezone-l1-1-0.dll
0x0000000002e30000 - 0x0000000002e33000 	C:\Program Files\Java\jre1.8.0_191\bin\api-ms-win-core-util-l1-1-0.dll
0x0000000002e40000 - 0x0000000002e43000 	C:\Program Files\Java\jre1.8.0_191\bin\api-ms-win-crt-conio-l1-1-0.dll
0x0000000002e50000 - 0x0000000002e54000 	C:\Program Files\Java\jre1.8.0_191\bin\api-ms-win-crt-convert-l1-1-0.dll
0x0000000002e60000 - 0x0000000002e63000 	C:\Program Files\Java\jre1.8.0_191\bin\api-ms-win-crt-environment-l1-1-0.dll
0x0000000002e70000 - 0x0000000002e73000 	C:\Program Files\Java\jre1.8.0_191\bin\api-ms-win-crt-filesystem-l1-1-0.dll
0x0000000019a60000 - 0x0000000019a63000 	C:\Program Files\Java\jre1.8.0_191\bin\api-ms-win-crt-heap-l1-1-0.dll
0x0000000019a70000 - 0x0000000019a73000 	C:\Program Files\Java\jre1.8.0_191\bin\api-ms-win-crt-locale-l1-1-0.dll
0x0000000019a80000 - 0x0000000019a85000 	C:\Program Files\Java\jre1.8.0_191\bin\api-ms-win-crt-math-l1-1-0.dll
0x0000000019a90000 - 0x0000000019a95000 	C:\Program Files\Java\jre1.8.0_191\bin\api-ms-win-crt-multibyte-l1-1-0.dll
0x0000000019aa0000 - 0x0000000019ab0000 	C:\Program Files\Java\jre1.8.0_191\bin\api-ms-win-crt-private-l1-1-0.dll
0x0000000019ab0000 - 0x0000000019ab3000 	C:\Program Files\Java\jre1.8.0_191\bin\api-ms-win-crt-process-l1-1-0.dll
0x0000000019ac0000 - 0x0000000019ac4000 	C:\Program Files\Java\jre1.8.0_191\bin\api-ms-win-crt-runtime-l1-1-0.dll
0x0000000019ad0000 - 0x0000000019ad4000 	C:\Program Files\Java\jre1.8.0_191\bin\api-ms-win-crt-stdio-l1-1-0.dll
0x0000000019ae0000 - 0x0000000019ae4000 	C:\Program Files\Java\jre1.8.0_191\bin\api-ms-win-crt-string-l1-1-0.dll
0x0000000019af0000 - 0x0000000019af3000 	C:\Program Files\Java\jre1.8.0_191\bin\api-ms-win-crt-time-l1-1-0.dll
0x0000000019b00000 - 0x0000000019b03000 	C:\Program Files\Java\jre1.8.0_191\bin\api-ms-win-crt-utility-l1-1-0.dll
0x00007ffb03250000 - 0x00007ffb03346000 	C:\Program Files\Java\jre1.8.0_191\bin\ucrtbase.dll
0x00007ffb21a00000 - 0x00007ffb21a16000 	C:\Program Files\Java\jre1.8.0_191\bin\vcruntime140.dll
0x00007ffb16250000 - 0x00007ffb162ec000 	C:\Program Files\Java\jre1.8.0_191\bin\msvcp140.dll
0x00007ffb15e00000 - 0x00007ffb15e51000 	C:\Program Files\Java\jre1.8.0_191\bin\concrt140.dll
0x00000000687b0000 - 0x00000000687d3000 	C:\Program Files\Java\jre1.8.0_191\bin\prism_d3d.dll
0x00007ffafc8d0000 - 0x00007ffafca67000 	C:\Windows\system32\d3d9.dll
0x00007ffb2c560000 - 0x00007ffb2c589000 	C:\Windows\SYSTEM32\dwmapi.dll
0x00007ffb2bdb0000 - 0x00007ffb2be48000 	C:\Windows\system32\uxtheme.dll
0x00007ffac7260000 - 0x00007ffac9797000 	C:\Windows\SYSTEM32\igdumdim64.dll
0x00007ffb30cf0000 - 0x00007ffb3113b000 	C:\Windows\System32\SETUPAPI.dll
0x00007ffb31140000 - 0x00007ffb31202000 	C:\Windows\System32\OLEAUT32.dll
0x00007ffb30a30000 - 0x00007ffb30b81000 	C:\Windows\System32\ole32.dll
0x0000000068760000 - 0x00000000687a9000 	C:\Program Files\Java\jre1.8.0_191\bin\glass.dll
0x00007ffb319c0000 - 0x00007ffb31aad000 	C:\Windows\System32\COMDLG32.dll
0x00007ffb30560000 - 0x00007ffb306d3000 	C:\Windows\System32\MSCTF.dll
0x00007ffb248c0000 - 0x00007ffb252e6000 	C:\Windows\SYSTEM32\igdusc64.dll
0x0000000068740000 - 0x0000000068754000 	C:\Program Files\Java\jre1.8.0_191\bin\javafx_font.dll
0x00007ffb18f60000 - 0x00007ffb1927c000 	C:\Windows\SYSTEM32\dwrite.dll
0x00007ffb31210000 - 0x00007ffb312b0000 	C:\Windows\System32\clbcatq.dll
0x00007ffb27c20000 - 0x00007ffb27dce000 	C:\Windows\SYSTEM32\WindowsCodecs.dll
0x00007ffb123e0000 - 0x00007ffb12438000 	C:\Windows\system32\dataexchange.dll
0x00007ffb2b290000 - 0x00007ffb2b59b000 	C:\Windows\system32\d3d11.dll
0x00007ffb2b5a0000 - 0x00007ffb2b73c000 	C:\Windows\system32\dcomp.dll
0x00007ffb2cbb0000 - 0x00007ffb2cc6b000 	C:\Windows\system32\dxgi.dll
0x00007ffb2c6a0000 - 0x00007ffb2c858000 	C:\Windows\system32\twinapi.appcore.dll
0x00007ffb2c590000 - 0x00007ffb2c5b9000 	C:\Windows\system32\RMCLIENT.dll
0x00007ffb16210000 - 0x00007ffb16244000 	C:\Program Files\Common Files\Microsoft Shared\Ink\rtscom.dll
0x00007ffb1b300000 - 0x00007ffb1b396000 	C:\Windows\System32\TextInputFramework.dll
0x00007ffb27480000 - 0x00007ffb2779e000 	C:\Windows\System32\CoreUIComponents.dll
0x00007ffb2b740000 - 0x00007ffb2b81a000 	C:\Windows\System32\CoreMessaging.dll
0x00007ffb2cf10000 - 0x00007ffb2cf41000 	C:\Windows\SYSTEM32\ntmarta.dll
0x00007ffb2a1c0000 - 0x00007ffb2a30d000 	C:\Windows\SYSTEM32\wintypes.dll
0x00007ffb12920000 - 0x00007ffb1298b000 	C:\Windows\system32\Oleacc.dll
0x0000000068720000 - 0x0000000068732000 	C:\Program Files\Java\jre1.8.0_191\bin\prism_common.dll
0x0000000068580000 - 0x0000000068719000 	C:\Program Files\Java\jre1.8.0_191\bin\awt.dll
0x00007ffb2bc80000 - 0x00007ffb2bd0b000 	C:\Windows\SYSTEM32\apphelp.dll
0x0000000068540000 - 0x0000000068571000 	C:\Program Files\Java\jre1.8.0_191\bin\jpeg.dll
0x0000000068510000 - 0x0000000068533000 	C:\Program Files\Java\jre1.8.0_191\bin\javafx_iio.dll

VM Arguments:
jvm_args: -Dfile.encoding=Cp1252 
java_command: IHM.Main
java_class_path (initial): C:\Users\james\Documents\CraftingGuide\bin
Launcher Type: SUN_STANDARD

Environment Variables:
PATH=C:/Program Files/Java/jre1.8.0_191/bin/server;C:/Program Files/Java/jre1.8.0_191/bin;C:/Program Files/Java/jre1.8.0_191/lib/amd64;C:\Program Files (x86)\Common Files\Oracle\Java\javapath;C:\Windows\system32;C:\Windows;C:\Windows\System32\Wbem;C:\Windows\System32\WindowsPowerShell\v1.0\;C:\Windows\System32\OpenSSH\;C:\Program Files\Microsoft VS Code\bin;C:\Program Files\doxygen\bin;C:\PostgreSQL\pg11\bin;C:\Users\james\AppData\Local\Microsoft\WindowsApps;C:\Users\james\AppData\Local\atom\bin;C:\ProgramData\james\GitHubDesktop\bin;C:\Users\james\AppData\Local\GitHubDesktop\bin;C:\Windows\system32;
USERNAME=james
OS=Windows_NT
PROCESSOR_IDENTIFIER=Intel64 Family 6 Model 69 Stepping 1, GenuineIntel



---------------  S Y S T E M  ---------------

OS: Windows 10.0 , 64 bit Build 17134 (10.0.17134.706)

CPU:total 4 (initial active 4) (2 cores per cpu, 2 threads per core) family 6 model 69 stepping 1, cmov, cx8, fxsr, mmx, sse, sse2, sse3, ssse3, sse4.1, sse4.2, popcnt, avx, avx2, aes, clmul, erms, lzcnt, ht, tsc, tscinvbit, bmi1, bmi2

Memory: 4k page, physical 8297268k(2625000k free), swap 14319356k(3548k free)

vm_info: Java HotSpot(TM) 64-Bit Server VM (25.191-b12) for windows-amd64 JRE (1.8.0_191-b12), built on Oct  6 2018 09:29:03 by "java_re" with MS VC++ 10.0 (VS2010)

time: Thu May 02 17:38:44 2019
elapsed time: 6 seconds (0d 0h 0m 6s)

